<?xml version="1.0" encoding="UTF-8"?>
<!-- Generated by org.testng.reporters.JUnitXMLReporter -->
<testsuite ignored="3" hostname="RGK_LenovoT14" failures="0" tests="1" name="Test1" time="7.698" errors="0" timestamp="2025-09-24T10:42:47 IST">
  <testcase classname="testscripts.LoginTest" name="verifyUserLoginWithValidCredentials" time="1.36"/>
  <testcase classname="testscripts.LoginTest" name="verifyUserLoginWithValidUsernameAndInvalidPassword" time="0.0">
    <ignored/>
  </testcase> <!-- verifyUserLoginWithValidUsernameAndInvalidPassword -->
  <testcase classname="testscripts.LoginTest" name="verifyuserLoginWithInvalidUsernameAndValidPassword" time="0.0">
    <ignored/>
  </testcase> <!-- verifyuserLoginWithInvalidUsernameAndValidPassword -->
  <testcase classname="testscripts.LoginTest" name="verifyUserLoginWithInvalidCredentials" time="0.0">
    <ignored/>
  </testcase> <!-- verifyUserLoginWithInvalidCredentials -->
</testsuite> <!-- Test1 -->
