<?xml version="1.0" encoding="UTF-8"?>
<!-- Generated by org.testng.reporters.JUnitXMLReporter -->
<testsuite ignored="2" hostname="RGK_LenovoT14" failures="0" tests="2" name="Test" time="22.873" errors="0" timestamp="2025-09-22T11:52:00 IST">
  <testcase classname="testscripts.LoginTest" name="verifyUserLoginWithInvalidCredentials" time="2.529"/>
  <testcase classname="testscripts.LoginTest" name="verifyUserLoginWithValidCredentials" time="1.643"/>
  <testcase classname="testscripts.LoginTest" name="verifyUserLoginWithValidUsernameAndInvalidPassword" time="0.0">
    <ignored/>
  </testcase> <!-- verifyUserLoginWithValidUsernameAndInvalidPassword -->
  <testcase classname="testscripts.LoginTest" name="verifyuserLoginWithInvalidUsernameAndValidPassword" time="0.0">
    <ignored/>
  </testcase> <!-- verifyuserLoginWithInvalidUsernameAndValidPassword -->
</testsuite> <!-- Test -->
