<?xml version="1.0" encoding="UTF-8"?>
<testng-results ignored="0" total="1" passed="1" failed="0" skipped="0">
  <reporter-output>
  </reporter-output>
  <suite started-at="2025-09-12T11:45:07 IST" name="Default suite" finished-at="2025-09-12T11:45:13 IST" duration-ms="6602">
    <groups>
    </groups>
    <test started-at="2025-09-12T11:45:07 IST" name="Default test" finished-at="2025-09-12T11:45:13 IST" duration-ms="6602">
      <class name="testscripts.HomeTest">
        <test-method is-config="true" signature="initializeBrowser()[pri:0, instance:testscripts.HomeTest@5b12b668]" started-at="2025-09-12T11:45:07 IST" name="initializeBrowser" finished-at="2025-09-12T11:45:11 IST" duration-ms="4095" status="PASS">
          <reporter-output>
          </reporter-output>
        </test-method> <!-- initializeBrowser -->
        <test-method signature="verifyUserLoginWithValidCredentials()[pri:0, instance:testscripts.HomeTest@5b12b668]" started-at="2025-09-12T11:45:11 IST" name="verifyUserLoginWithValidCredentials" finished-at="2025-09-12T11:45:13 IST" duration-ms="2419" status="PASS">
          <reporter-output>
          </reporter-output>
        </test-method> <!-- verifyUserLoginWithValidCredentials -->
        <test-method is-config="true" signature="driverQuit(org.testng.ITestResult)[pri:0, instance:testscripts.HomeTest@5b12b668]" started-at="2025-09-12T11:45:13 IST" name="driverQuit" finished-at="2025-09-12T11:45:13 IST" duration-ms="10" status="PASS">
          <params>
            <param index="0">
              <value>
                <![CDATA[[TestResult name=verifyUserLoginWithValidCredentials status=SUCCESS method=HomeTest.verifyUserLoginWithValidCredentials()[pri:0, instance:testscripts.HomeTest@5b12b668] output={null}]]]>
              </value>
            </param>
          </params>
          <reporter-output>
          </reporter-output>
        </test-method> <!-- driverQuit -->
      </class> <!-- testscripts.HomeTest -->
    </test> <!-- Default test -->
  </suite> <!-- Default suite -->
</testng-results>
