<?xml version="1.0" encoding="UTF-8"?>
<!-- Generated by org.testng.reporters.JUnitXMLReporter -->
<testsuite ignored="0" hostname="RGK_LenovoT14" failures="0" tests="4" name="Default test" time="18.232" errors="0" timestamp="2025-09-11T11:59:04 IST">
  <testcase classname="testscripts.LoginTest" name="verifyUserLoginWithInvalidCredentials" time="1.662"/>
  <testcase classname="testscripts.LoginTest" name="verifyUserLoginWithValidCredentials" time="0.963"/>
  <testcase classname="testscripts.LoginTest" name="verifyUserLoginWithValidUsernameAndInvalidPassword" time="1.261"/>
  <testcase classname="testscripts.LoginTest" name="verifyuserLoginWithInvalidUsernameAndValidPassword" time="1.397"/>
</testsuite> <!-- Default test -->
