<?xml version="1.0" encoding="UTF-8"?>
<!-- Generated by org.testng.reporters.JUnitXMLReporter -->
<testsuite ignored="2" hostname="RGK_LenovoT14" failures="0" tests="1" name="Default test" time="3.944" errors="0" timestamp="2025-09-15T12:57:12 IST">
  <testcase classname="testscripts.AdminUserTest" name="verifyUserIsAbleToResetTheList" time="1.604"/>
  <testcase classname="testscripts.AdminUserTest" name="verifyUserIsAbleToSearchNewlyAddedUser" time="0.0">
    <ignored/>
  </testcase> <!-- verifyUserIsAbleToSearchNewlyAddedUser -->
  <testcase classname="testscripts.AdminUserTest" name="verifyUserIsAbleToAddNewUser" time="0.0">
    <ignored/>
  </testcase> <!-- verifyUserIsAbleToAddNewUser -->
</testsuite> <!-- Default test -->
